2022-01-18 23:22:49,466  INFO [main] outstationStepDef:14 - URL Opened
2022-01-18 23:22:50,561  INFO [main] outstationStepDef:14 - car rental is clicked in page rental
2022-01-18 23:22:57,196  INFO [main] outstationStepDef:14 - name is clicked in page name
2022-01-18 23:22:58,163  INFO [main] outstationStepDef:14 - name is send in page name
2022-01-18 23:22:59,368  INFO [main] outstationStepDef:14 - company name is clicked in page compname
2022-01-18 23:23:00,454  INFO [main] outstationStepDef:14 - company name is send in page compname
2022-01-18 23:23:01,719  INFO [main] outstationStepDef:14 - email is clicked in page email
2022-01-18 23:23:02,783  INFO [main] outstationStepDef:14 - email is send in page email
2022-01-18 23:23:04,048  INFO [main] outstationStepDef:14 - phone no is clicked in page phoneno
2022-01-18 23:23:05,117  INFO [main] outstationStepDef:14 - phone no is send in page phoneno
2022-01-18 23:23:06,525  INFO [main] outstationStepDef:14 - submit is clicked in page submit
2022-01-18 23:23:27,600  INFO [main] outstationStepDef:14 - result detail shown 
2022-01-18 23:23:28,811  INFO [main] outstationStepDef:14 - home page is clicked in page home page
2022-01-18 23:23:38,982  INFO [main] validpageStepDef:14 - URL Opened
2022-01-18 23:23:39,723  INFO [main] validpageStepDef:14 - One way cab is clicked in page onewaycab
2022-01-18 23:23:52,358  INFO [main] validpageStepDef:14 - chennaitab is clicked in page chennai
2022-01-18 23:23:54,888  INFO [main] validpageStepDef:14 - trl is clicked in page trl
2022-01-18 23:24:04,460  INFO [main] validpageStepDef:14 - home page is clicked in page home page
2022-01-18 23:24:13,905  INFO [main] validpageStepDef:14 - URL Opened
2022-01-18 23:24:14,557  INFO [main] validpageStepDef:14 - signin is clicked in page home page
2022-01-18 23:24:19,986  INFO [main] validpageStepDef:14 - Email field is send in page Account Log in
2022-01-18 23:24:20,357  INFO [main] validpageStepDef:14 - password field is send in page Account Log in
2022-01-18 23:24:20,967  INFO [main] validpageStepDef:14 - sign in button is clicked in page Account Log in
2022-01-18 23:24:26,709  INFO [main] outstationStepDef:14 - URL Opened
2022-01-18 23:24:27,415  INFO [main] outstationStepDef:14 - signin is clicked in page home page
2022-01-18 23:24:32,847  INFO [main] outstationStepDef:14 - Email field is send in page Account Log in
2022-01-18 23:24:33,219  INFO [main] outstationStepDef:14 - password field is send in page Account Log in
2022-01-18 23:24:33,846  INFO [main] outstationStepDef:14 - sign in button is clicked in page Account Log in
2022-01-18 23:24:34,233 ERROR [main] outstationStepDef:21 - img is not able clicked in page img
2022-01-18 23:24:39,391  INFO [main] validpageStepDef:14 - URL Opened
2022-01-18 23:24:40,241  INFO [main] validpageStepDef:14 - airport button is clicked in page Home Page
2022-01-18 23:24:40,914  INFO [main] validpageStepDef:14 - from bar is clicked in page airport Page
2022-01-18 23:24:41,447  INFO [main] validpageStepDef:14 - from Bar is send in page airport Page
2022-01-18 23:24:42,145  INFO [main] validpageStepDef:14 - from is clicked in page Airport Page
2022-01-18 23:24:42,861  INFO [main] validpageStepDef:14 - dropaddress is clicked in page address
2022-01-18 23:24:43,343  INFO [main] validpageStepDef:14 - dropaddress is send in page address
2022-01-18 23:24:48,185  INFO [main] validpageStepDef:14 - dropaddress is clicked in page address
2022-01-18 23:24:51,115  INFO [main] validpageStepDef:14 - selected is clicked in page select
2022-01-18 23:24:53,647  INFO [main] validpageStepDef:14 - select car is clicked in page select
2022-01-18 23:24:59,880  INFO [main] validpageStepDef:14 - booking detail shown 
2022-01-18 23:25:00,463  INFO [main] validpageStepDef:14 - home page is clicked in page home page
2022-01-18 23:25:05,377  INFO [main] downloadappStepDef:14 - URL Opened
2022-01-18 23:25:06,115  INFO [main] downloadappStepDef:14 - playstore is clicked in page playstore
2022-01-18 23:25:10,598  INFO [main] downloadappStepDef:14 - playsrore detail shown 
2022-01-18 23:25:11,166  INFO [main] downloadappStepDef:14 - home page is clicked in page home page
2022-01-18 23:25:15,436  INFO [main] validpageStepDef:14 - URL Opened
2022-01-18 23:25:16,082  INFO [main] validpageStepDef:14 - local is clicked in page local
2022-01-18 23:25:16,745  INFO [main] validpageStepDef:14 - from place is clicked in page from
2022-01-18 23:25:17,193  INFO [main] validpageStepDef:14 - place is send in page from
2022-01-18 23:25:19,894  INFO [main] validpageStepDef:14 - selected is clicked in page select
2022-01-18 23:25:22,372  INFO [main] validpageStepDef:14 - time is clicked in page time
2022-01-18 23:25:22,983  INFO [main] validpageStepDef:14 - select car is clicked in page select
2022-01-18 23:25:23,250  INFO [main] validpageStepDef:14 - booking detail shown 
2022-01-18 23:25:23,929  INFO [main] validpageStepDef:14 - home page is clicked in page home page
2022-01-18 23:25:29,462  INFO [main] outstationStepDef:14 - URL Opened
2022-01-18 23:25:30,167  INFO [main] outstationStepDef:14 - from place is clicked in page from
2022-01-18 23:25:30,723  INFO [main] outstationStepDef:14 - place is send in page from
2022-01-18 23:25:31,355  INFO [main] outstationStepDef:14 - place is clicked in page to
2022-01-18 23:25:31,829  INFO [main] outstationStepDef:14 - place is send in page to
2022-01-18 23:25:32,484  INFO [main] outstationStepDef:14 - place is clicked in page to
2022-01-18 23:25:37,231  INFO [main] outstationStepDef:14 - selected is clicked in page select
2022-01-18 23:25:39,411  INFO [main] outstationStepDef:14 - Successfully verified
2022-01-18 23:25:41,941  INFO [main] outstationStepDef:14 - home page is clicked in page home page
2022-01-18 23:25:49,021  INFO [main] validpageStepDef:14 - URL Opened
2022-01-18 23:25:51,822  INFO [main] validpageStepDef:14 - round is clicked in page round
2022-01-18 23:25:52,461  INFO [main] validpageStepDef:14 - from place is clicked in page from
2022-01-18 23:25:52,962  INFO [main] validpageStepDef:14 - place is send in page from
2022-01-18 23:25:53,563  INFO [main] validpageStepDef:14 - place is clicked in page to
2022-01-18 23:25:53,984  INFO [main] validpageStepDef:14 - place is send in page to
2022-01-18 23:25:54,572  INFO [main] validpageStepDef:14 - place is clicked in page to
2022-01-18 23:25:59,261  INFO [main] validpageStepDef:14 - selected is clicked in page select
2022-01-18 23:26:01,798  INFO [main] validpageStepDef:14 - select car is clicked in page select
2022-01-18 23:26:02,115  INFO [main] validpageStepDef:14 - booking detail shown 
2022-01-18 23:26:02,721  INFO [main] validpageStepDef:14 - home page is clicked in page home page
2022-01-18 23:26:09,241  INFO [main] validpageStepDef:14 - URL Opened
2022-01-18 23:26:09,654  INFO [main] validpageStepDef:14 - Page opend with title Book Outstation Cabs, Local & Airport Taxi Service - India's Leading Car Rentals
