2022-01-20 13:05:53,371  INFO [main] outstationStepDef:14 - URL Opened
2022-01-20 13:05:54,113  INFO [main] outstationStepDef:14 - car rental is clicked in page rental
2022-01-20 13:06:00,640  INFO [main] outstationStepDef:14 - name is clicked in page name
2022-01-20 13:06:01,414  INFO [main] outstationStepDef:14 - name is send in page name
2022-01-20 13:06:02,432  INFO [main] outstationStepDef:14 - company name is clicked in page compname
2022-01-20 13:06:03,214  INFO [main] outstationStepDef:14 - company name is send in page compname
2022-01-20 13:06:04,175  INFO [main] outstationStepDef:14 - email is clicked in page email
2022-01-20 13:06:04,887  INFO [main] outstationStepDef:14 - email is send in page email
2022-01-20 13:06:05,845  INFO [main] outstationStepDef:14 - phone no is clicked in page phoneno
2022-01-20 13:06:06,593  INFO [main] outstationStepDef:14 - phone no is send in page phoneno
2022-01-20 13:06:07,619  INFO [main] outstationStepDef:14 - submit is clicked in page submit
2022-01-20 13:06:28,446  INFO [main] outstationStepDef:14 - result detail shown 
2022-01-20 13:06:29,342  INFO [main] outstationStepDef:14 - home page is clicked in page home page
2022-01-20 13:06:33,966  INFO [main] validpageStepDef:14 - URL Opened
2022-01-20 13:06:34,631  INFO [main] validpageStepDef:14 - One way cab is clicked in page onewaycab
2022-01-20 13:06:47,196  INFO [main] validpageStepDef:14 - chennaitab is clicked in page chennai
2022-01-20 13:06:49,676  INFO [main] validpageStepDef:14 - trl is clicked in page trl
2022-01-20 13:06:59,192  INFO [main] validpageStepDef:14 - home page is clicked in page home page
2022-01-20 13:07:08,660  INFO [main] validpageStepDef:14 - URL Opened
2022-01-20 13:07:09,251  INFO [main] validpageStepDef:14 - signin is clicked in page home page
2022-01-20 13:07:14,605  INFO [main] validpageStepDef:14 - Email field is send in page Account Log in
2022-01-20 13:07:14,931  INFO [main] validpageStepDef:14 - password field is send in page Account Log in
2022-01-20 13:07:15,481  INFO [main] validpageStepDef:14 - sign in button is clicked in page Account Log in
2022-01-20 13:07:21,195  INFO [main] outstationStepDef:14 - URL Opened
2022-01-20 13:07:21,788  INFO [main] outstationStepDef:14 - signin is clicked in page home page
2022-01-20 13:07:27,168  INFO [main] outstationStepDef:14 - Email field is send in page Account Log in
2022-01-20 13:07:27,503  INFO [main] outstationStepDef:14 - password field is send in page Account Log in
2022-01-20 13:07:28,055  INFO [main] outstationStepDef:14 - sign in button is clicked in page Account Log in
2022-01-20 13:07:30,654  INFO [main] outstationStepDef:14 - img is clicked in page img
2022-01-20 13:07:33,288  INFO [main] outstationStepDef:14 - bookings is clicked in page bookings
2022-01-20 13:07:35,926  INFO [main] outstationStepDef:14 - cancelled is clicked in page cancelled
2022-01-20 13:07:38,336  INFO [main] outstationStepDef:14 - completed is clicked in page completed
2022-01-20 13:07:40,783  INFO [main] outstationStepDef:14 - booknow is clicked in page booknow
2022-01-20 13:07:43,369  INFO [main] outstationStepDef:14 - img is clicked in page img
2022-01-20 13:07:46,031  INFO [main] outstationStepDef:14 - accountsetting is clicked in page accountsetting
2022-01-20 13:07:48,497  INFO [main] outstationStepDef:14 - home is clicked in page home
2022-01-20 13:07:51,078  INFO [main] outstationStepDef:14 - img is clicked in page img
2022-01-20 13:07:53,712  INFO [main] outstationStepDef:14 - logout is clicked in page logout
2022-01-20 13:07:54,130  INFO [main] outstationStepDef:14 - Signed out sucessfully 
2022-01-20 13:08:02,580  INFO [main] validpageStepDef:14 - URL Opened
2022-01-20 13:08:03,210  INFO [main] validpageStepDef:14 - airport button is clicked in page Home Page
2022-01-20 13:08:03,911  INFO [main] validpageStepDef:14 - from bar is clicked in page airport Page
2022-01-20 13:08:04,346  INFO [main] validpageStepDef:14 - from Bar is send in page airport Page
2022-01-20 13:08:04,953  INFO [main] validpageStepDef:14 - from is clicked in page Airport Page
2022-01-20 13:08:05,626  INFO [main] validpageStepDef:14 - dropaddress is clicked in page address
2022-01-20 13:08:06,018  INFO [main] validpageStepDef:14 - dropaddress is send in page address
2022-01-20 13:08:10,812  INFO [main] validpageStepDef:14 - dropaddress is clicked in page address
2022-01-20 13:08:13,487  INFO [main] validpageStepDef:14 - selected is clicked in page select
2022-01-20 13:08:15,969  INFO [main] validpageStepDef:14 - select car is clicked in page select
2022-01-20 13:08:22,171  INFO [main] validpageStepDef:14 - booking detail shown 
2022-01-20 13:08:22,606  INFO [main] validpageStepDef:14 - home page is clicked in page home page
2022-01-20 13:08:26,722  INFO [main] downloadappStepDef:14 - URL Opened
2022-01-20 13:08:27,302  INFO [main] downloadappStepDef:14 - playstore is clicked in page playstore
2022-01-20 13:08:34,139  INFO [main] downloadappStepDef:14 - playsrore detail shown 
2022-01-20 13:08:34,732  INFO [main] downloadappStepDef:14 - home page is clicked in page home page
2022-01-20 13:08:43,573  INFO [main] validpageStepDef:14 - URL Opened
2022-01-20 13:08:44,175  INFO [main] validpageStepDef:14 - local is clicked in page local
2022-01-20 13:08:44,770  INFO [main] validpageStepDef:14 - from place is clicked in page from
2022-01-20 13:08:45,197  INFO [main] validpageStepDef:14 - place is send in page from
2022-01-20 13:08:47,896  INFO [main] validpageStepDef:14 - selected is clicked in page select
2022-01-20 13:08:50,311  INFO [main] validpageStepDef:14 - time is clicked in page time
2022-01-20 13:08:50,863  INFO [main] validpageStepDef:14 - select car is clicked in page select
2022-01-20 13:08:51,146  INFO [main] validpageStepDef:14 - booking detail shown 
2022-01-20 13:08:51,629  INFO [main] validpageStepDef:14 - home page is clicked in page home page
2022-01-20 13:08:58,090  INFO [main] outstationStepDef:14 - URL Opened
2022-01-20 13:08:58,701  INFO [main] outstationStepDef:14 - from place is clicked in page from
2022-01-20 13:08:59,156  INFO [main] outstationStepDef:14 - place is send in page from
2022-01-20 13:08:59,768  INFO [main] outstationStepDef:14 - place is clicked in page to
2022-01-20 13:09:00,205  INFO [main] outstationStepDef:14 - place is send in page to
2022-01-20 13:09:00,814  INFO [main] outstationStepDef:14 - place is clicked in page to
2022-01-20 13:09:05,528  INFO [main] outstationStepDef:14 - selected is clicked in page select
2022-01-20 13:09:07,682  INFO [main] outstationStepDef:14 - Successfully verified
2022-01-20 13:09:10,153  INFO [main] outstationStepDef:14 - home page is clicked in page home page
2022-01-20 13:09:20,452  INFO [main] validpageStepDef:14 - URL Opened
2022-01-20 13:09:23,035  INFO [main] validpageStepDef:14 - round is clicked in page round
2022-01-20 13:09:23,656  INFO [main] validpageStepDef:14 - from place is clicked in page from
2022-01-20 13:09:24,079  INFO [main] validpageStepDef:14 - place is send in page from
2022-01-20 13:09:24,657  INFO [main] validpageStepDef:14 - place is clicked in page to
2022-01-20 13:09:25,047  INFO [main] validpageStepDef:14 - place is send in page to
2022-01-20 13:09:25,622  INFO [main] validpageStepDef:14 - place is clicked in page to
2022-01-20 13:09:30,291  INFO [main] validpageStepDef:14 - selected is clicked in page select
2022-01-20 13:09:32,768  INFO [main] validpageStepDef:14 - select car is clicked in page select
2022-01-20 13:09:33,028  INFO [main] validpageStepDef:14 - booking detail shown 
2022-01-20 13:09:33,547  INFO [main] validpageStepDef:14 - home page is clicked in page home page
2022-01-20 13:09:41,692  INFO [main] validpageStepDef:14 - URL Opened
2022-01-20 13:09:42,016  INFO [main] validpageStepDef:14 - Page opend with title Book Outstation Cabs, Local & Airport Taxi Service - India's Leading Car Rentals
