2022-01-21 13:32:40,752  INFO [main] outstationStepDef:14 - URL Opened
2022-01-21 13:32:41,596  INFO [main] outstationStepDef:14 - car rental is clicked in page rental
2022-01-21 13:32:48,127  INFO [main] outstationStepDef:14 - name is clicked in page name
2022-01-21 13:32:49,088  INFO [main] outstationStepDef:14 - name is send in page name
2022-01-21 13:32:50,339  INFO [main] outstationStepDef:14 - company name is clicked in page compname
2022-01-21 13:32:51,372  INFO [main] outstationStepDef:14 - company name is send in page compname
2022-01-21 13:32:52,585  INFO [main] outstationStepDef:14 - email is clicked in page email
2022-01-21 13:32:53,594  INFO [main] outstationStepDef:14 - email is send in page email
2022-01-21 13:32:54,829  INFO [main] outstationStepDef:14 - phone no is clicked in page phoneno
2022-01-21 13:32:55,848  INFO [main] outstationStepDef:14 - phone no is send in page phoneno
2022-01-21 13:32:57,218  INFO [main] outstationStepDef:14 - submit is clicked in page submit
2022-01-21 13:33:18,275  INFO [main] outstationStepDef:14 - result detail shown 
2022-01-21 13:33:19,459  INFO [main] outstationStepDef:14 - home page is clicked in page home page
2022-01-21 13:33:27,095  INFO [main] validpageStepDef:14 - URL Opened
2022-01-21 13:33:27,786  INFO [main] validpageStepDef:14 - One way cab is clicked in page onewaycab
2022-01-21 13:33:40,408  INFO [main] validpageStepDef:14 - chennaitab is clicked in page chennai
2022-01-21 13:33:42,887  INFO [main] validpageStepDef:14 - trl is clicked in page trl
2022-01-21 13:33:52,427  INFO [main] validpageStepDef:14 - home page is clicked in page home page
2022-01-21 13:34:01,175  INFO [main] validpageStepDef:14 - URL Opened
2022-01-21 13:34:01,906  INFO [main] validpageStepDef:14 - signin is clicked in page home page
2022-01-21 13:34:07,243  INFO [main] validpageStepDef:14 - Email field is send in page Account Log in
2022-01-21 13:34:07,628  INFO [main] validpageStepDef:14 - password field is send in page Account Log in
2022-01-21 13:34:08,195  INFO [main] validpageStepDef:14 - sign in button is clicked in page Account Log in
2022-01-21 13:34:08,577  INFO [main] validpageStepDef:14 - Successfully logged in
2022-01-21 13:34:12,900  INFO [main] outstationStepDef:14 - URL Opened
2022-01-21 13:34:13,545  INFO [main] outstationStepDef:14 - signin is clicked in page home page
2022-01-21 13:34:18,952  INFO [main] outstationStepDef:14 - Email field is send in page Account Log in
2022-01-21 13:34:19,257  INFO [main] outstationStepDef:14 - password field is send in page Account Log in
2022-01-21 13:34:19,803  INFO [main] outstationStepDef:14 - sign in button is clicked in page Account Log in
2022-01-21 13:34:22,316  INFO [main] outstationStepDef:14 - img is clicked in page img
2022-01-21 13:34:24,857  INFO [main] outstationStepDef:14 - bookings is clicked in page bookings
2022-01-21 13:34:27,428  INFO [main] outstationStepDef:14 - cancelled is clicked in page cancelled
2022-01-21 13:34:29,882  INFO [main] outstationStepDef:14 - completed is clicked in page completed
2022-01-21 13:34:32,366  INFO [main] outstationStepDef:14 - booknow is clicked in page booknow
2022-01-21 13:34:34,799  INFO [main] outstationStepDef:14 - img is clicked in page img
2022-01-21 13:34:37,489  INFO [main] outstationStepDef:14 - accountsetting is clicked in page accountsetting
2022-01-21 13:34:40,211  INFO [main] outstationStepDef:14 - home is clicked in page home
2022-01-21 13:34:42,825  INFO [main] outstationStepDef:14 - img is clicked in page img
2022-01-21 13:34:45,524  INFO [main] outstationStepDef:14 - logout is clicked in page logout
2022-01-21 13:34:45,898  INFO [main] outstationStepDef:14 - Signed out sucessfully 
2022-01-21 13:34:52,791  INFO [main] validpageStepDef:14 - URL Opened
2022-01-21 13:34:53,444  INFO [main] validpageStepDef:14 - airport button is clicked in page Home Page
2022-01-21 13:34:54,122  INFO [main] validpageStepDef:14 - from bar is clicked in page airport Page
2022-01-21 13:34:54,513  INFO [main] validpageStepDef:14 - from Bar is send in page airport Page
2022-01-21 13:34:55,052  INFO [main] validpageStepDef:14 - from is clicked in page Airport Page
2022-01-21 13:34:55,662  INFO [main] validpageStepDef:14 - dropaddress is clicked in page address
2022-01-21 13:34:55,995  INFO [main] validpageStepDef:14 - dropaddress is send in page address
2022-01-21 13:35:00,849  INFO [main] validpageStepDef:14 - dropaddress is clicked in page address
2022-01-21 13:35:03,550  INFO [main] validpageStepDef:14 - selected is clicked in page select
2022-01-21 13:35:06,090  INFO [main] validpageStepDef:14 - select car is clicked in page select
2022-01-21 13:35:12,312  INFO [main] validpageStepDef:14 - booking detail shown 
2022-01-21 13:35:12,761  INFO [main] validpageStepDef:14 - home page is clicked in page home page
2022-01-21 13:35:21,062  INFO [main] downloadappStepDef:14 - URL Opened
2022-01-21 13:35:21,814  INFO [main] downloadappStepDef:14 - playstore is clicked in page playstore
2022-01-21 13:35:26,255  INFO [main] downloadappStepDef:14 - playsrore detail shown 
2022-01-21 13:35:26,866  INFO [main] downloadappStepDef:14 - home page is clicked in page home page
2022-01-21 13:35:31,064  INFO [main] validpageStepDef:14 - URL Opened
2022-01-21 13:35:31,731  INFO [main] validpageStepDef:14 - local is clicked in page local
2022-01-21 13:35:32,416  INFO [main] validpageStepDef:14 - from place is clicked in page from
2022-01-21 13:35:32,874  INFO [main] validpageStepDef:14 - place is send in page from
2022-01-21 13:35:35,579  INFO [main] validpageStepDef:14 - selected is clicked in page select
2022-01-21 13:35:38,032  INFO [main] validpageStepDef:14 - time is clicked in page time
2022-01-21 13:35:38,661  INFO [main] validpageStepDef:14 - select car is clicked in page select
2022-01-21 13:35:38,916  INFO [main] validpageStepDef:14 - booking detail shown 
2022-01-21 13:35:39,374  INFO [main] validpageStepDef:14 - home page is clicked in page home page
2022-01-21 13:35:45,873  INFO [main] outstationStepDef:14 - URL Opened
2022-01-21 13:35:46,539  INFO [main] outstationStepDef:14 - from place is clicked in page from
2022-01-21 13:35:47,046  INFO [main] outstationStepDef:14 - place is send in page from
2022-01-21 13:35:47,676  INFO [main] outstationStepDef:14 - place is clicked in page to
2022-01-21 13:35:48,121  INFO [main] outstationStepDef:14 - place is send in page to
2022-01-21 13:35:48,734  INFO [main] outstationStepDef:14 - place is clicked in page to
2022-01-21 13:35:53,456  INFO [main] outstationStepDef:14 - selected is clicked in page select
2022-01-21 13:35:55,654  INFO [main] outstationStepDef:14 - Successfully verified
2022-01-21 13:35:58,245  INFO [main] outstationStepDef:14 - home page is clicked in page home page
2022-01-21 13:36:06,556  INFO [main] validpageStepDef:14 - URL Opened
2022-01-21 13:36:09,219  INFO [main] validpageStepDef:14 - round is clicked in page round
2022-01-21 13:36:09,752  INFO [main] validpageStepDef:14 - from place is clicked in page from
2022-01-21 13:36:10,154  INFO [main] validpageStepDef:14 - place is send in page from
2022-01-21 13:36:10,679  INFO [main] validpageStepDef:14 - place is clicked in page to
2022-01-21 13:36:11,033  INFO [main] validpageStepDef:14 - place is send in page to
2022-01-21 13:36:11,583  INFO [main] validpageStepDef:14 - place is clicked in page to
2022-01-21 13:36:16,196  INFO [main] validpageStepDef:14 - selected is clicked in page select
2022-01-21 13:36:18,759  INFO [main] validpageStepDef:14 - select car is clicked in page select
2022-01-21 13:36:18,972  INFO [main] validpageStepDef:14 - booking detail shown 
2022-01-21 13:36:19,454  INFO [main] validpageStepDef:14 - home page is clicked in page home page
2022-01-21 13:36:28,181  INFO [main] validpageStepDef:14 - URL Opened
2022-01-21 13:36:28,567  INFO [main] validpageStepDef:14 - Page opend with title Book Outstation Cabs, Local & Airport Taxi Service - India's Leading Car Rentals
