2022-01-21 13:17:02,025  INFO [main] outstationStepDef:14 - URL Opened
2022-01-21 13:17:03,131  INFO [main] outstationStepDef:14 - car rental is clicked in page rental
2022-01-21 13:17:09,755  INFO [main] outstationStepDef:14 - name is clicked in page name
2022-01-21 13:17:10,711  INFO [main] outstationStepDef:14 - name is send in page name
2022-01-21 13:17:11,926  INFO [main] outstationStepDef:14 - company name is clicked in page compname
2022-01-21 13:17:12,899  INFO [main] outstationStepDef:14 - company name is send in page compname
2022-01-21 13:17:14,150  INFO [main] outstationStepDef:14 - email is clicked in page email
2022-01-21 13:17:15,158  INFO [main] outstationStepDef:14 - email is send in page email
2022-01-21 13:17:16,317  INFO [main] outstationStepDef:14 - phone no is clicked in page phoneno
2022-01-21 13:17:17,332  INFO [main] outstationStepDef:14 - phone no is send in page phoneno
2022-01-21 13:17:18,623  INFO [main] outstationStepDef:14 - submit is clicked in page submit
2022-01-21 13:17:39,739  INFO [main] outstationStepDef:14 - result detail shown 
2022-01-21 13:17:40,917  INFO [main] outstationStepDef:14 - home page is clicked in page home page
2022-01-21 13:17:45,526  INFO [main] validpageStepDef:14 - URL Opened
2022-01-21 13:17:46,319  INFO [main] validpageStepDef:14 - One way cab is clicked in page onewaycab
2022-01-21 13:17:58,897  INFO [main] validpageStepDef:14 - chennaitab is clicked in page chennai
2022-01-21 13:18:01,058 ERROR [main] validpageStepDef:21 - trl is not able clicked in page trl
2022-01-21 13:18:05,357  INFO [main] validpageStepDef:14 - URL Opened
2022-01-21 13:18:05,982  INFO [main] validpageStepDef:14 - signin is clicked in page home page
2022-01-21 13:18:11,396  INFO [main] validpageStepDef:14 - Email field is send in page Account Log in
2022-01-21 13:18:11,683  INFO [main] validpageStepDef:14 - password field is send in page Account Log in
2022-01-21 13:18:12,181  INFO [main] validpageStepDef:14 - sign in button is clicked in page Account Log in
2022-01-21 13:18:12,498  INFO [main] validpageStepDef:14 - Successfully logged in
2022-01-21 13:18:19,898  INFO [main] outstationStepDef:14 - URL Opened
2022-01-21 13:18:20,597  INFO [main] outstationStepDef:14 - signin is clicked in page home page
2022-01-21 13:18:25,996  INFO [main] outstationStepDef:14 - Email field is send in page Account Log in
2022-01-21 13:18:26,360  INFO [main] outstationStepDef:14 - password field is send in page Account Log in
2022-01-21 13:18:26,950  INFO [main] outstationStepDef:14 - sign in button is clicked in page Account Log in
2022-01-21 13:18:29,598  INFO [main] outstationStepDef:14 - img is clicked in page img
2022-01-21 13:18:32,276  INFO [main] outstationStepDef:14 - bookings is clicked in page bookings
2022-01-21 13:18:34,953  INFO [main] outstationStepDef:14 - cancelled is clicked in page cancelled
2022-01-21 13:18:37,379  INFO [main] outstationStepDef:14 - completed is clicked in page completed
2022-01-21 13:18:39,850  INFO [main] outstationStepDef:14 - booknow is clicked in page booknow
2022-01-21 13:18:42,278  INFO [main] outstationStepDef:14 - img is clicked in page img
2022-01-21 13:18:44,962  INFO [main] outstationStepDef:14 - accountsetting is clicked in page accountsetting
2022-01-21 13:18:47,466  INFO [main] outstationStepDef:14 - home is clicked in page home
2022-01-21 13:18:50,060  INFO [main] outstationStepDef:14 - img is clicked in page img
2022-01-21 13:18:52,765  INFO [main] outstationStepDef:14 - logout is clicked in page logout
2022-01-21 13:18:53,031  INFO [main] outstationStepDef:14 - Signed out sucessfully 
2022-01-21 13:19:02,031  INFO [main] validpageStepDef:14 - URL Opened
2022-01-21 13:19:02,575  INFO [main] validpageStepDef:14 - airport button is clicked in page Home Page
2022-01-21 13:19:03,153  INFO [main] validpageStepDef:14 - from bar is clicked in page airport Page
2022-01-21 13:19:03,509  INFO [main] validpageStepDef:14 - from Bar is send in page airport Page
2022-01-21 13:19:04,056  INFO [main] validpageStepDef:14 - from is clicked in page Airport Page
2022-01-21 13:19:04,669  INFO [main] validpageStepDef:14 - dropaddress is clicked in page address
2022-01-21 13:19:05,009  INFO [main] validpageStepDef:14 - dropaddress is send in page address
2022-01-21 13:19:09,848  INFO [main] validpageStepDef:14 - dropaddress is clicked in page address
2022-01-21 13:19:12,536  INFO [main] validpageStepDef:14 - selected is clicked in page select
2022-01-21 13:19:15,060  INFO [main] validpageStepDef:14 - select car is clicked in page select
2022-01-21 13:19:21,301  INFO [main] validpageStepDef:14 - booking detail shown 
2022-01-21 13:19:21,801  INFO [main] validpageStepDef:14 - home page is clicked in page home page
2022-01-21 13:19:25,652  INFO [main] downloadappStepDef:14 - URL Opened
2022-01-21 13:19:26,364  INFO [main] downloadappStepDef:14 - playstore is clicked in page playstore
2022-01-21 13:19:30,837  INFO [main] downloadappStepDef:14 - playsrore detail shown 
2022-01-21 13:19:31,466  INFO [main] downloadappStepDef:14 - home page is clicked in page home page
2022-01-21 13:19:39,914  INFO [main] validpageStepDef:14 - URL Opened
2022-01-21 13:19:40,481  INFO [main] validpageStepDef:14 - local is clicked in page local
2022-01-21 13:19:41,005  INFO [main] validpageStepDef:14 - from place is clicked in page from
2022-01-21 13:19:41,385  INFO [main] validpageStepDef:14 - place is send in page from
2022-01-21 13:19:44,015  INFO [main] validpageStepDef:14 - selected is clicked in page select
2022-01-21 13:19:46,457  INFO [main] validpageStepDef:14 - time is clicked in page time
2022-01-21 13:19:47,112  INFO [main] validpageStepDef:14 - select car is clicked in page select
2022-01-21 13:19:47,359  INFO [main] validpageStepDef:14 - booking detail shown 
2022-01-21 13:19:47,909  INFO [main] validpageStepDef:14 - home page is clicked in page home page
2022-01-21 13:19:56,081  INFO [main] outstationStepDef:14 - URL Opened
2022-01-21 13:19:56,630  INFO [main] outstationStepDef:14 - from place is clicked in page from
2022-01-21 13:19:57,024  INFO [main] outstationStepDef:14 - place is send in page from
2022-01-21 13:19:57,550  INFO [main] outstationStepDef:14 - place is clicked in page to
2022-01-21 13:19:57,919  INFO [main] outstationStepDef:14 - place is send in page to
2022-01-21 13:19:58,449  INFO [main] outstationStepDef:14 - place is clicked in page to
2022-01-21 13:20:03,079  INFO [main] outstationStepDef:14 - selected is clicked in page select
2022-01-21 13:20:05,251  INFO [main] outstationStepDef:14 - Successfully verified
2022-01-21 13:20:07,832  INFO [main] outstationStepDef:14 - home page is clicked in page home page
2022-01-21 13:20:15,255  INFO [main] validpageStepDef:14 - URL Opened
2022-01-21 13:20:17,889  INFO [main] validpageStepDef:14 - round is clicked in page round
2022-01-21 13:20:18,417  INFO [main] validpageStepDef:14 - from place is clicked in page from
2022-01-21 13:20:18,778  INFO [main] validpageStepDef:14 - place is send in page from
2022-01-21 13:20:19,332  INFO [main] validpageStepDef:14 - place is clicked in page to
2022-01-21 13:20:19,678  INFO [main] validpageStepDef:14 - place is send in page to
2022-01-21 13:20:20,245  INFO [main] validpageStepDef:14 - place is clicked in page to
2022-01-21 13:20:24,872  INFO [main] validpageStepDef:14 - selected is clicked in page select
2022-01-21 13:20:27,411  INFO [main] validpageStepDef:14 - select car is clicked in page select
2022-01-21 13:20:27,660  INFO [main] validpageStepDef:14 - booking detail shown 
2022-01-21 13:20:28,130  INFO [main] validpageStepDef:14 - home page is clicked in page home page
2022-01-21 13:20:35,617  INFO [main] validpageStepDef:14 - URL Opened
2022-01-21 13:20:35,992  INFO [main] validpageStepDef:14 - Page opend with title Book Outstation Cabs, Local & Airport Taxi Service - India's Leading Car Rentals
