2022-01-20 12:39:29,127  INFO [main] outstationStepDef:14 - URL Opened
2022-01-20 12:39:29,960  INFO [main] outstationStepDef:14 - car rental is clicked in page rental
2022-01-20 12:39:36,487  INFO [main] outstationStepDef:14 - name is clicked in page name
2022-01-20 12:39:37,247  INFO [main] outstationStepDef:14 - name is send in page name
2022-01-20 12:39:38,133  INFO [main] outstationStepDef:14 - company name is clicked in page compname
2022-01-20 12:39:38,911  INFO [main] outstationStepDef:14 - company name is send in page compname
2022-01-20 12:39:39,834  INFO [main] outstationStepDef:14 - email is clicked in page email
2022-01-20 12:39:40,607  INFO [main] outstationStepDef:14 - email is send in page email
2022-01-20 12:39:41,536  INFO [main] outstationStepDef:14 - phone no is clicked in page phoneno
2022-01-20 12:39:42,304  INFO [main] outstationStepDef:14 - phone no is send in page phoneno
2022-01-20 12:39:43,332  INFO [main] outstationStepDef:14 - submit is clicked in page submit
2022-01-20 12:40:04,142  INFO [main] outstationStepDef:14 - result detail shown 
2022-01-20 12:40:05,070  INFO [main] outstationStepDef:14 - home page is clicked in page home page
2022-01-20 12:40:11,636  INFO [main] validpageStepDef:14 - URL Opened
2022-01-20 12:40:12,279  INFO [main] validpageStepDef:14 - One way cab is clicked in page onewaycab
2022-01-20 12:40:24,857  INFO [main] validpageStepDef:14 - chennaitab is clicked in page chennai
2022-01-20 12:40:27,291  INFO [main] validpageStepDef:14 - trl is clicked in page trl
2022-01-20 12:40:36,802  INFO [main] validpageStepDef:14 - home page is clicked in page home page
2022-01-20 12:40:40,988  INFO [main] validpageStepDef:14 - URL Opened
2022-01-20 12:40:41,591  INFO [main] validpageStepDef:14 - signin is clicked in page home page
2022-01-20 12:40:47,016  INFO [main] validpageStepDef:14 - Email field is send in page Account Log in
2022-01-20 12:40:47,347  INFO [main] validpageStepDef:14 - password field is send in page Account Log in
2022-01-20 12:40:47,884  INFO [main] validpageStepDef:14 - sign in button is clicked in page Account Log in
2022-01-20 12:40:50,534  INFO [main] outstationStepDef:14 - URL Opened
2022-01-20 12:40:51,132  INFO [main] outstationStepDef:14 - signin is clicked in page home page
2022-01-20 12:40:56,518  INFO [main] outstationStepDef:14 - Email field is send in page Account Log in
2022-01-20 12:40:56,853  INFO [main] outstationStepDef:14 - password field is send in page Account Log in
2022-01-20 12:40:57,390  INFO [main] outstationStepDef:14 - sign in button is clicked in page Account Log in
2022-01-20 12:40:59,987  INFO [main] outstationStepDef:14 - img is clicked in page img
2022-01-20 12:41:02,614  INFO [main] outstationStepDef:14 - bookings is clicked in page bookings
2022-01-20 12:41:05,297  INFO [main] outstationStepDef:14 - cancelled is clicked in page cancelled
2022-01-20 12:41:07,714  INFO [main] outstationStepDef:14 - completed is clicked in page completed
2022-01-20 12:41:10,169  INFO [main] outstationStepDef:14 - booknow is clicked in page booknow
2022-01-20 12:41:12,758  INFO [main] outstationStepDef:14 - img is clicked in page img
2022-01-20 12:41:15,442  INFO [main] outstationStepDef:14 - accountsetting is clicked in page accountsetting
2022-01-20 12:41:17,926  INFO [main] outstationStepDef:14 - home is clicked in page home
2022-01-20 12:41:20,488  INFO [main] outstationStepDef:14 - img is clicked in page img
2022-01-20 12:41:23,179  INFO [main] outstationStepDef:14 - logout is clicked in page logout
2022-01-20 12:41:23,575  INFO [main] outstationStepDef:14 - Signed out sucessfully 
2022-01-20 12:41:29,956  INFO [main] validpageStepDef:14 - URL Opened
2022-01-20 12:41:30,544  INFO [main] validpageStepDef:14 - airport button is clicked in page Home Page
2022-01-20 12:41:31,216  INFO [main] validpageStepDef:14 - from bar is clicked in page airport Page
2022-01-20 12:41:31,649  INFO [main] validpageStepDef:14 - from Bar is send in page airport Page
2022-01-20 12:41:32,254  INFO [main] validpageStepDef:14 - from is clicked in page Airport Page
2022-01-20 12:41:32,928  INFO [main] validpageStepDef:14 - dropaddress is clicked in page address
2022-01-20 12:41:33,316  INFO [main] validpageStepDef:14 - dropaddress is send in page address
2022-01-20 12:41:38,025  INFO [main] validpageStepDef:14 - dropaddress is clicked in page address
2022-01-20 12:41:40,716  INFO [main] validpageStepDef:14 - selected is clicked in page select
2022-01-20 12:41:43,199  INFO [main] validpageStepDef:14 - select car is clicked in page select
2022-01-20 12:41:49,434  INFO [main] validpageStepDef:14 - booking detail shown 
2022-01-20 12:41:49,863  INFO [main] validpageStepDef:14 - home page is clicked in page home page
2022-01-20 12:41:53,883  INFO [main] downloadappStepDef:14 - URL Opened
2022-01-20 12:41:54,497  INFO [main] downloadappStepDef:14 - playstore is clicked in page playstore
2022-01-20 12:41:58,909  INFO [main] downloadappStepDef:14 - playsrore detail shown 
2022-01-20 12:41:59,472  INFO [main] downloadappStepDef:14 - home page is clicked in page home page
2022-01-20 12:42:05,038  INFO [main] validpageStepDef:14 - URL Opened
2022-01-20 12:42:05,639  INFO [main] validpageStepDef:14 - local is clicked in page local
2022-01-20 12:42:06,252  INFO [main] validpageStepDef:14 - from place is clicked in page from
2022-01-20 12:42:06,681  INFO [main] validpageStepDef:14 - place is send in page from
2022-01-20 12:42:09,349  INFO [main] validpageStepDef:14 - selected is clicked in page select
2022-01-20 12:42:11,751  INFO [main] validpageStepDef:14 - time is clicked in page time
2022-01-20 12:42:12,314  INFO [main] validpageStepDef:14 - select car is clicked in page select
2022-01-20 12:42:12,540  INFO [main] validpageStepDef:14 - booking detail shown 
2022-01-20 12:42:12,985  INFO [main] validpageStepDef:14 - home page is clicked in page home page
2022-01-20 12:42:17,553  INFO [main] outstationStepDef:14 - URL Opened
2022-01-20 12:42:18,149  INFO [main] outstationStepDef:14 - from place is clicked in page from
2022-01-20 12:42:18,554  INFO [main] outstationStepDef:14 - place is send in page from
2022-01-20 12:42:19,148  INFO [main] outstationStepDef:14 - place is clicked in page to
2022-01-20 12:42:19,572  INFO [main] outstationStepDef:14 - place is send in page to
2022-01-20 12:42:20,171  INFO [main] outstationStepDef:14 - place is clicked in page to
2022-01-20 12:42:24,852  INFO [main] outstationStepDef:14 - selected is clicked in page select
2022-01-20 12:42:27,003  INFO [main] outstationStepDef:14 - Successfully verified
2022-01-20 12:42:29,530  INFO [main] outstationStepDef:14 - home page is clicked in page home page
2022-01-20 12:42:35,289  INFO [main] validpageStepDef:14 - URL Opened
2022-01-20 12:42:37,906  INFO [main] validpageStepDef:14 - round is clicked in page round
2022-01-20 12:42:38,507  INFO [main] validpageStepDef:14 - from place is clicked in page from
2022-01-20 12:42:38,912  INFO [main] validpageStepDef:14 - place is send in page from
2022-01-20 12:42:39,529  INFO [main] validpageStepDef:14 - place is clicked in page to
2022-01-20 12:42:39,912  INFO [main] validpageStepDef:14 - place is send in page to
2022-01-20 12:42:40,486  INFO [main] validpageStepDef:14 - place is clicked in page to
2022-01-20 12:42:45,149  INFO [main] validpageStepDef:14 - selected is clicked in page select
2022-01-20 12:42:47,653  INFO [main] validpageStepDef:14 - select car is clicked in page select
2022-01-20 12:42:47,916  INFO [main] validpageStepDef:14 - booking detail shown 
2022-01-20 12:42:48,405  INFO [main] validpageStepDef:14 - home page is clicked in page home page
2022-01-20 12:42:52,559  INFO [main] validpageStepDef:14 - URL Opened
2022-01-20 12:42:52,889  INFO [main] validpageStepDef:14 - Page opend with title Book Outstation Cabs, Local & Airport Taxi Service - India's Leading Car Rentals
